Using pre-set license
Built from '2021.1/staging' branch; Version is '2021.1.3f1 (4bef613afd59) revision 4976481'; Using compiler version '192528614'; Build Type 'Release'
OS: 'Windows 10 Home; OS build 19041.867; Version 2004; 64bit' Language: 'en' Physical Memory: 16225 MB
BatchMode: 1, IsHumanControllingUs: 0, StartBugReporterOnCrash: 0, Is64bit: 1, IsPro: 0

 COMMAND LINE ARGUMENTS:
D:\Unity\2021.1.3f1\Editor\Unity.exe
-adb2
-batchMode
-noUpm
-name
AssetImportWorker0
-projectPath
D:/Unity/Projects/City-Escape
-logFile
Logs/AssetImportWorker0.log
-srvPort
55381
Successfully changed project path to: D:/Unity/Projects/City-Escape
D:/Unity/Projects/City-Escape
Using Asset Import Pipeline V2.
Refreshing native plugins compatible for Editor in 37.21 ms, found 1 plugins.
Preloading 0 native plugins for Editor in 0.00 ms.
Initialize engine version: 2021.1.3f1 (4bef613afd59)
[Subsystems] Discovering subsystems at path D:/Unity/2021.1.3f1/Editor/Data/Resources/UnitySubsystems
[Subsystems] Discovering subsystems at path D:/Unity/Projects/City-Escape/Assets
GfxDevice: creating device client; threaded=0; jobified=0
Direct3D:
    Version:  Direct3D 11.0 [level 11.1]
    Renderer: NVIDIA GeForce GTX 1060 3GB (ID=0x1c02)
    Vendor:   NVIDIA
    VRAM:     2988 MB
    Driver:   27.21.14.6589
Initialize mono
Mono path[0] = 'D:/Unity/2021.1.3f1/Editor/Data/Managed'
Mono path[1] = 'D:/Unity/2021.1.3f1/Editor/Data/MonoBleedingEdge/lib/mono/unityjit'
Mono config path = 'D:/Unity/2021.1.3f1/Editor/Data/MonoBleedingEdge/etc'
Using monoOptions --debugger-agent=transport=dt_socket,embedding=1,server=y,suspend=n,address=127.0.0.1:56052
Begin MonoManager ReloadAssembly
Registering precompiled unity dll's ...
Register platform support module: D:/Unity/2021.1.3f1/Editor/Data/PlaybackEngines/WindowsStandaloneSupport/UnityEditor.WindowsStandalone.Extensions.dll
Registered in 0.001161 seconds.
Native extension for WindowsStandalone target not found
Refreshing native plugins compatible for Editor in 39.01 ms, found 1 plugins.
Preloading 0 native plugins for Editor in 0.00 ms.
Mono: successfully reloaded assembly
- Completed reload, in  1.215 seconds
Platform modules already initialized, skipping
Registering precompiled user dll's ...
Registered in 0.000941 seconds.
Begin MonoManager ReloadAssembly
Native extension for WindowsStandalone target not found
Refreshing native plugins compatible for Editor in 41.83 ms, found 1 plugins.
Preloading 0 native plugins for Editor in 0.00 ms.
Mono: successfully reloaded assembly
- Completed reload, in  0.941 seconds
Platform modules already initialized, skipping
========================================================================
Worker process is ready to serve import requests
Launched and connected shader compiler UnityShaderCompiler.exe after 0.04 seconds
Refreshing native plugins compatible for Editor in 0.39 ms, found 1 plugins.
Preloading 0 native plugins for Editor in 0.00 ms.
Unloading 1859 Unused Serialized files (Serialized files now loaded: 0)
System memory in use before: 89.8 MB.
System memory in use after: 89.9 MB.

Unloading 19 unused Assets to reduce memory usage. Loaded Objects now: 2323.
Total: 2.551100 ms (FindLiveObjects: 0.185800 ms CreateObjectMapping: 0.296300 ms MarkObjects: 2.000800 ms  DeleteObjects: 0.066800 ms)

========================================================================
Received Import Request.
  path: Assets/Art/Tiles/Hospital 12.png
  artifactKey: Guid(b60adaa00d1c4fb4591e4ee67f1977ed) Importer(815301076,1909f56bfc062723c751e8b465ee728b)
Start importing Assets/Art/Tiles/Hospital 12.png using Guid(b60adaa00d1c4fb4591e4ee67f1977ed) Importer(815301076,1909f56bfc062723c751e8b465ee728b)  -> (artifact id: '1b4f152404680beeef902fa4171a0b98') in 0.165749 seconds 
========================================================================
Received Import Request.
  Time since last request: 0.000278 seconds.
  path: Assets/Art/Tiles/Hospital.png
  artifactKey: Guid(195620ba85e808440a916a408f7c4304) Importer(815301076,1909f56bfc062723c751e8b465ee728b)
Start importing Assets/Art/Tiles/Hospital.png using Guid(195620ba85e808440a916a408f7c4304) Importer(815301076,1909f56bfc062723c751e8b465ee728b)  -> (artifact id: '2b9c1d8a6bdeffaa59bff2c8aa49e775') in 0.451341 seconds 
========================================================================
Received Import Request.
  Time since last request: 27.689686 seconds.
  path: Assets/Art/Tiles/Hospital 12.png
  artifactKey: Guid(b60adaa00d1c4fb4591e4ee67f1977ed) Importer(815301076,1909f56bfc062723c751e8b465ee728b)
Start importing Assets/Art/Tiles/Hospital 12.png using Guid(b60adaa00d1c4fb4591e4ee67f1977ed) Importer(815301076,1909f56bfc062723c751e8b465ee728b)  -> (artifact id: '8ba53e08e3cbc580ef151a0a36e06592') in 0.018669 seconds 
========================================================================
Received Import Request.
  Time since last request: 470.703829 seconds.
  path: Assets/Art/Tiles/Hospital 12.png
  artifactKey: Guid(b60adaa00d1c4fb4591e4ee67f1977ed) Importer(815301076,1909f56bfc062723c751e8b465ee728b)
Start importing Assets/Art/Tiles/Hospital 12.png using Guid(b60adaa00d1c4fb4591e4ee67f1977ed) Importer(815301076,1909f56bfc062723c751e8b465ee728b)  -> (artifact id: '74573919cf45b19579b63660ad213404') in 0.592070 seconds 
========================================================================
Received Import Request.
  Time since last request: 19.303114 seconds.
  path: Assets/Art/Tiles/Hospital 12.png
  artifactKey: Guid(b60adaa00d1c4fb4591e4ee67f1977ed) Importer(815301076,1909f56bfc062723c751e8b465ee728b)
Start importing Assets/Art/Tiles/Hospital 12.png using Guid(b60adaa00d1c4fb4591e4ee67f1977ed) Importer(815301076,1909f56bfc062723c751e8b465ee728b)  -> (artifact id: '4e4028b77a805dc1a9b095fc614427ca') in 0.407118 seconds 
========================================================================
Received Import Request.
  Time since last request: 346.572444 seconds.
  path: Assets/Art/Sprites/Environments
  artifactKey: Guid(c39d21948561c4343a5ca21e4c54ef10) Importer(815301076,1909f56bfc062723c751e8b465ee728b)
Start importing Assets/Art/Sprites/Environments using Guid(c39d21948561c4343a5ca21e4c54ef10) Importer(815301076,1909f56bfc062723c751e8b465ee728b)  -> (artifact id: 'c51949a5940b1ddd3c6346f274b0a8a8') in 0.008640 seconds 
========================================================================
Received Import Request.
  Time since last request: 0.052250 seconds.
  path: Assets/Art/Sprites/Environments/Assets 4.png
  artifactKey: Guid(dbd5bab7758920042908e2ef7d1d2bc7) Importer(815301076,1909f56bfc062723c751e8b465ee728b)
Start importing Assets/Art/Sprites/Environments/Assets 4.png using Guid(dbd5bab7758920042908e2ef7d1d2bc7) Importer(815301076,1909f56bfc062723c751e8b465ee728b)  -> (artifact id: '8655731eb77c039bcb727c6f527ed582') in 0.031504 seconds 
========================================================================
Received Import Request.
  Time since last request: 0.000255 seconds.
  path: Assets/Art/Sprites/Environments/Misc Hospital.png
  artifactKey: Guid(9150a12192c82f94198c29ca77160ce4) Importer(815301076,1909f56bfc062723c751e8b465ee728b)
Start importing Assets/Art/Sprites/Environments/Misc Hospital.png using Guid(9150a12192c82f94198c29ca77160ce4) Importer(815301076,1909f56bfc062723c751e8b465ee728b)  -> (artifact id: 'f87ffeae80685c591f7ffcc26d6caca8') in 0.122232 seconds 
========================================================================
Received Import Request.
  Time since last request: 0.000231 seconds.
  path: Assets/Art/Sprites/Environments/Rocks.png
  artifactKey: Guid(91b890d49161b3248ac18b337edb8adb) Importer(815301076,1909f56bfc062723c751e8b465ee728b)
Start importing Assets/Art/Sprites/Environments/Rocks.png using Guid(91b890d49161b3248ac18b337edb8adb) Importer(815301076,1909f56bfc062723c751e8b465ee728b)  -> (artifact id: '8ffaa102416c5ffa3d733ab0de823cb6') in 0.048812 seconds 
========================================================================
Received Import Request.
  Time since last request: 42.146141 seconds.
  path: Assets/Art/Sprites/Environments/Assets 4.png
  artifactKey: Guid(dbd5bab7758920042908e2ef7d1d2bc7) Importer(815301076,1909f56bfc062723c751e8b465ee728b)
Start importing Assets/Art/Sprites/Environments/Assets 4.png using Guid(dbd5bab7758920042908e2ef7d1d2bc7) Importer(815301076,1909f56bfc062723c751e8b465ee728b)  -> (artifact id: '5f00f3dd80dd6474e33fa6ee66818b1e') in 0.011329 seconds 
========================================================================
Received Import Request.
  Time since last request: 9.903536 seconds.
  path: Assets/Art/Sprites/Environments/Assets 4.png
  artifactKey: Guid(dbd5bab7758920042908e2ef7d1d2bc7) Importer(815301076,1909f56bfc062723c751e8b465ee728b)
Start importing Assets/Art/Sprites/Environments/Assets 4.png using Guid(dbd5bab7758920042908e2ef7d1d2bc7) Importer(815301076,1909f56bfc062723c751e8b465ee728b)  -> (artifact id: 'a11f4182f1e613787942a6f8808c5169') in 0.011131 seconds 
========================================================================
Received Import Request.
  Time since last request: 20.535260 seconds.
  path: Assets/Art/Sprites/Environments/Assets 4.png
  artifactKey: Guid(dbd5bab7758920042908e2ef7d1d2bc7) Importer(815301076,1909f56bfc062723c751e8b465ee728b)
Start importing Assets/Art/Sprites/Environments/Assets 4.png using Guid(dbd5bab7758920042908e2ef7d1d2bc7) Importer(815301076,1909f56bfc062723c751e8b465ee728b)  -> (artifact id: '1065572bcbff4e9bc7da223f2f76a563') in 0.014920 seconds 
========================================================================
Received Import Request.
  Time since last request: 15.748298 seconds.
  path: Assets/Art/Sprites/Environments/Assets 4.png
  artifactKey: Guid(dbd5bab7758920042908e2ef7d1d2bc7) Importer(815301076,1909f56bfc062723c751e8b465ee728b)
Start importing Assets/Art/Sprites/Environments/Assets 4.png using Guid(dbd5bab7758920042908e2ef7d1d2bc7) Importer(815301076,1909f56bfc062723c751e8b465ee728b)  -> (artifact id: 'eb6db67f513bc277b86f86e6f5e31158') in 0.067921 seconds 
========================================================================
Received Prepare
Registering precompiled user dll's ...
Registered in 0.000988 seconds.
Begin MonoManager ReloadAssembly
Native extension for WindowsStandalone target not found
Refreshing native plugins compatible for Editor in 0.39 ms, found 1 plugins.
Preloading 0 native plugins for Editor in 0.00 ms.
Mono: successfully reloaded assembly
- Completed reload, in  0.890 seconds
Platform modules already initialized, skipping
Refreshing native plugins compatible for Editor in 0.71 ms, found 1 plugins.
Preloading 0 native plugins for Editor in 0.00 ms.
Unloading 1842 Unused Serialized files (Serialized files now loaded: 0)
System memory in use before: 130.0 MB.
System memory in use after: 130.1 MB.

Unloading 8 unused Assets to reduce memory usage. Loaded Objects now: 2610.
Total: 1.943800 ms (FindLiveObjects: 0.181400 ms CreateObjectMapping: 0.080900 ms MarkObjects: 1.663800 ms  DeleteObjects: 0.016800 ms)

========================================================================
Received Prepare
Registering precompiled user dll's ...
Registered in 0.000944 seconds.
Begin MonoManager ReloadAssembly
Native extension for WindowsStandalone target not found
Refreshing native plugins compatible for Editor in 0.39 ms, found 1 plugins.
Preloading 0 native plugins for Editor in 0.00 ms.
Mono: successfully reloaded assembly
- Completed reload, in  0.963 seconds
Platform modules already initialized, skipping
Refreshing native plugins compatible for Editor in 0.47 ms, found 1 plugins.
Preloading 0 native plugins for Editor in 0.00 ms.
Unloading 1837 Unused Serialized files (Serialized files now loaded: 0)
System memory in use before: 129.9 MB.
System memory in use after: 130.0 MB.

Unloading 8 unused Assets to reduce memory usage. Loaded Objects now: 2613.
Total: 2.534100 ms (FindLiveObjects: 0.199800 ms CreateObjectMapping: 0.087700 ms MarkObjects: 2.224000 ms  DeleteObjects: 0.021300 ms)

========================================================================
Received Prepare
Registering precompiled user dll's ...
Registered in 0.001126 seconds.
Begin MonoManager ReloadAssembly
Native extension for WindowsStandalone target not found
Refreshing native plugins compatible for Editor in 0.48 ms, found 1 plugins.
Preloading 0 native plugins for Editor in 0.00 ms.
Mono: successfully reloaded assembly
- Completed reload, in  0.928 seconds
Platform modules already initialized, skipping
Refreshing native plugins compatible for Editor in 0.41 ms, found 1 plugins.
Preloading 0 native plugins for Editor in 0.00 ms.
Unloading 1837 Unused Serialized files (Serialized files now loaded: 0)
System memory in use before: 129.9 MB.
System memory in use after: 130.0 MB.

Unloading 8 unused Assets to reduce memory usage. Loaded Objects now: 2616.
Total: 2.200200 ms (FindLiveObjects: 0.193200 ms CreateObjectMapping: 0.098900 ms MarkObjects: 1.886900 ms  DeleteObjects: 0.020200 ms)

========================================================================
Received Prepare
Registering precompiled user dll's ...
Registered in 0.001084 seconds.
Begin MonoManager ReloadAssembly
Native extension for WindowsStandalone target not found
Refreshing native plugins compatible for Editor in 0.43 ms, found 1 plugins.
Preloading 0 native plugins for Editor in 0.00 ms.
Mono: successfully reloaded assembly
- Completed reload, in  0.928 seconds
Platform modules already initialized, skipping
Refreshing native plugins compatible for Editor in 0.45 ms, found 1 plugins.
Preloading 0 native plugins for Editor in 0.00 ms.
Unloading 1837 Unused Serialized files (Serialized files now loaded: 0)
System memory in use before: 129.9 MB.
System memory in use after: 130.0 MB.

Unloading 8 unused Assets to reduce memory usage. Loaded Objects now: 2619.
Total: 2.168500 ms (FindLiveObjects: 0.228600 ms CreateObjectMapping: 0.099600 ms MarkObjects: 1.820200 ms  DeleteObjects: 0.019300 ms)

========================================================================
Received Prepare
Registering precompiled user dll's ...
Registered in 0.000979 seconds.
Begin MonoManager ReloadAssembly
Native extension for WindowsStandalone target not found
Refreshing native plugins compatible for Editor in 0.39 ms, found 1 plugins.
Preloading 0 native plugins for Editor in 0.00 ms.
Mono: successfully reloaded assembly
- Completed reload, in  0.857 seconds
Platform modules already initialized, skipping
Refreshing native plugins compatible for Editor in 0.48 ms, found 1 plugins.
Preloading 0 native plugins for Editor in 0.00 ms.
Unloading 1837 Unused Serialized files (Serialized files now loaded: 0)
System memory in use before: 129.9 MB.
System memory in use after: 130.1 MB.

Unloading 8 unused Assets to reduce memory usage. Loaded Objects now: 2622.
Total: 2.527100 ms (FindLiveObjects: 0.219600 ms CreateObjectMapping: 0.092900 ms MarkObjects: 2.192500 ms  DeleteObjects: 0.020700 ms)

========================================================================
Received Prepare
Registering precompiled user dll's ...
Registered in 0.000934 seconds.
Begin MonoManager ReloadAssembly
Native extension for WindowsStandalone target not found
Refreshing native plugins compatible for Editor in 0.48 ms, found 1 plugins.
Preloading 0 native plugins for Editor in 0.00 ms.
Mono: successfully reloaded assembly
- Completed reload, in  0.928 seconds
Platform modules already initialized, skipping
Refreshing native plugins compatible for Editor in 0.45 ms, found 1 plugins.
Preloading 0 native plugins for Editor in 0.00 ms.
Unloading 1837 Unused Serialized files (Serialized files now loaded: 0)
System memory in use before: 130.0 MB.
System memory in use after: 130.1 MB.

Unloading 8 unused Assets to reduce memory usage. Loaded Objects now: 2625.
Total: 2.382600 ms (FindLiveObjects: 0.188600 ms CreateObjectMapping: 0.075000 ms MarkObjects: 2.098700 ms  DeleteObjects: 0.019100 ms)

========================================================================
Received Import Request.
  Time since last request: 2927.811208 seconds.
  path: Assets/Scenes/Medkit puzzle.unity
  artifactKey: Guid(8a80a5f32293583409f9c2d348d5914d) Importer(815301076,1909f56bfc062723c751e8b465ee728b)
Start importing Assets/Scenes/Medkit puzzle.unity using Guid(8a80a5f32293583409f9c2d348d5914d) Importer(815301076,1909f56bfc062723c751e8b465ee728b)  -> (artifact id: '1c47618f4444b45197424396bec35394') in 0.014504 seconds 
========================================================================
Received Prepare
Registering precompiled user dll's ...
Registered in 0.001445 seconds.
Begin MonoManager ReloadAssembly
Native extension for WindowsStandalone target not found
Refreshing native plugins compatible for Editor in 0.39 ms, found 1 plugins.
Preloading 0 native plugins for Editor in 0.00 ms.
Mono: successfully reloaded assembly
- Completed reload, in  0.946 seconds
Platform modules already initialized, skipping
Refreshing native plugins compatible for Editor in 0.39 ms, found 1 plugins.
Preloading 0 native plugins for Editor in 0.00 ms.
Unloading 1837 Unused Serialized files (Serialized files now loaded: 0)
System memory in use before: 130.0 MB.
System memory in use after: 130.1 MB.

Unloading 8 unused Assets to reduce memory usage. Loaded Objects now: 2628.
Total: 2.016200 ms (FindLiveObjects: 0.211100 ms CreateObjectMapping: 0.093300 ms MarkObjects: 1.696600 ms  DeleteObjects: 0.014300 ms)

========================================================================
Received Prepare
Registering precompiled user dll's ...
Registered in 0.000977 seconds.
Begin MonoManager ReloadAssembly
Native extension for WindowsStandalone target not found
Refreshing native plugins compatible for Editor in 0.43 ms, found 1 plugins.
Preloading 0 native plugins for Editor in 0.00 ms.
Mono: successfully reloaded assembly
- Completed reload, in  0.817 seconds
Platform modules already initialized, skipping
Refreshing native plugins compatible for Editor in 0.41 ms, found 1 plugins.
Preloading 0 native plugins for Editor in 0.00 ms.
Unloading 1837 Unused Serialized files (Serialized files now loaded: 0)
System memory in use before: 130.0 MB.
System memory in use after: 130.1 MB.

Unloading 8 unused Assets to reduce memory usage. Loaded Objects now: 2631.
Total: 1.995900 ms (FindLiveObjects: 0.231400 ms CreateObjectMapping: 0.073800 ms MarkObjects: 1.673600 ms  DeleteObjects: 0.016200 ms)

========================================================================
Received Prepare
Registering precompiled user dll's ...
Registered in 0.000967 seconds.
Begin MonoManager ReloadAssembly
Native extension for WindowsStandalone target not found
Refreshing native plugins compatible for Editor in 0.42 ms, found 1 plugins.
Preloading 0 native plugins for Editor in 0.00 ms.
Mono: successfully reloaded assembly
- Completed reload, in  0.925 seconds
Platform modules already initialized, skipping
Refreshing native plugins compatible for Editor in 0.40 ms, found 1 plugins.
Preloading 0 native plugins for Editor in 0.00 ms.
Unloading 1837 Unused Serialized files (Serialized files now loaded: 0)
System memory in use before: 130.0 MB.
System memory in use after: 130.1 MB.

Unloading 8 unused Assets to reduce memory usage. Loaded Objects now: 2634.
Total: 2.114600 ms (FindLiveObjects: 0.204200 ms CreateObjectMapping: 0.082300 ms MarkObjects: 1.809500 ms  DeleteObjects: 0.017500 ms)

========================================================================
Received Prepare
Registering precompiled user dll's ...
Registered in 0.000980 seconds.
Begin MonoManager ReloadAssembly
Native extension for WindowsStandalone target not found
Refreshing native plugins compatible for Editor in 0.41 ms, found 1 plugins.
Preloading 0 native plugins for Editor in 0.00 ms.
Mono: successfully reloaded assembly
- Completed reload, in  0.908 seconds
Platform modules already initialized, skipping
Refreshing native plugins compatible for Editor in 0.40 ms, found 1 plugins.
Preloading 0 native plugins for Editor in 0.00 ms.
Unloading 1837 Unused Serialized files (Serialized files now loaded: 0)
System memory in use before: 130.0 MB.
System memory in use after: 130.1 MB.

Unloading 8 unused Assets to reduce memory usage. Loaded Objects now: 2637.
Total: 2.282500 ms (FindLiveObjects: 0.286600 ms CreateObjectMapping: 0.128200 ms MarkObjects: 1.849200 ms  DeleteObjects: 0.017100 ms)

========================================================================
Received Prepare
Registering precompiled user dll's ...
Registered in 0.001025 seconds.
Begin MonoManager ReloadAssembly
Native extension for WindowsStandalone target not found
Refreshing native plugins compatible for Editor in 0.55 ms, found 1 plugins.
Preloading 0 native plugins for Editor in 0.00 ms.
Mono: successfully reloaded assembly
- Completed reload, in  1.173 seconds
Platform modules already initialized, skipping
Refreshing native plugins compatible for Editor in 0.43 ms, found 1 plugins.
Preloading 0 native plugins for Editor in 0.00 ms.
Unloading 1837 Unused Serialized files (Serialized files now loaded: 0)
System memory in use before: 130.1 MB.
System memory in use after: 130.2 MB.

Unloading 8 unused Assets to reduce memory usage. Loaded Objects now: 2640.
Total: 2.425900 ms (FindLiveObjects: 0.203700 ms CreateObjectMapping: 0.086300 ms MarkObjects: 2.114100 ms  DeleteObjects: 0.020400 ms)

========================================================================
Received Prepare
Registering precompiled user dll's ...
Registered in 0.001224 seconds.
Begin MonoManager ReloadAssembly
Native extension for WindowsStandalone target not found
Refreshing native plugins compatible for Editor in 0.41 ms, found 1 plugins.
Preloading 0 native plugins for Editor in 0.00 ms.
Mono: successfully reloaded assembly
- Completed reload, in  0.912 seconds
Platform modules already initialized, skipping
Refreshing native plugins compatible for Editor in 0.40 ms, found 1 plugins.
Preloading 0 native plugins for Editor in 0.00 ms.
Unloading 1837 Unused Serialized files (Serialized files now loaded: 0)
System memory in use before: 130.1 MB.
System memory in use after: 130.2 MB.

Unloading 8 unused Assets to reduce memory usage. Loaded Objects now: 2643.
Total: 2.422100 ms (FindLiveObjects: 0.268200 ms CreateObjectMapping: 0.094300 ms MarkObjects: 2.036700 ms  DeleteObjects: 0.021900 ms)

========================================================================
Received Prepare
Registering precompiled user dll's ...
Registered in 0.001012 seconds.
Begin MonoManager ReloadAssembly
Native extension for WindowsStandalone target not found
Refreshing native plugins compatible for Editor in 0.39 ms, found 1 plugins.
Preloading 0 native plugins for Editor in 0.00 ms.
Mono: successfully reloaded assembly
- Completed reload, in  0.893 seconds
Platform modules already initialized, skipping
Refreshing native plugins compatible for Editor in 0.39 ms, found 1 plugins.
Preloading 0 native plugins for Editor in 0.00 ms.
Unloading 1837 Unused Serialized files (Serialized files now loaded: 0)
System memory in use before: 130.1 MB.
System memory in use after: 130.2 MB.

Unloading 8 unused Assets to reduce memory usage. Loaded Objects now: 2646.
Total: 2.192300 ms (FindLiveObjects: 0.208900 ms CreateObjectMapping: 0.087500 ms MarkObjects: 1.878300 ms  DeleteObjects: 0.016100 ms)

========================================================================
Received Prepare
Registering precompiled user dll's ...
Registered in 0.001101 seconds.
Begin MonoManager ReloadAssembly
Native extension for WindowsStandalone target not found
Refreshing native plugins compatible for Editor in 0.86 ms, found 1 plugins.
Preloading 0 native plugins for Editor in 0.00 ms.
Mono: successfully reloaded assembly
- Completed reload, in  0.942 seconds
Platform modules already initialized, skipping
Refreshing native plugins compatible for Editor in 0.39 ms, found 1 plugins.
Preloading 0 native plugins for Editor in 0.00 ms.
Unloading 1837 Unused Serialized files (Serialized files now loaded: 0)
System memory in use before: 130.1 MB.
System memory in use after: 130.2 MB.

Unloading 8 unused Assets to reduce memory usage. Loaded Objects now: 2649.
Total: 2.370800 ms (FindLiveObjects: 0.244500 ms CreateObjectMapping: 0.101700 ms MarkObjects: 2.003900 ms  DeleteObjects: 0.019500 ms)

========================================================================
Received Prepare
Registering precompiled user dll's ...
Registered in 0.000993 seconds.
Begin MonoManager ReloadAssembly
Native extension for WindowsStandalone target not found
Refreshing native plugins compatible for Editor in 0.69 ms, found 1 plugins.
Preloading 0 native plugins for Editor in 0.00 ms.
Mono: successfully reloaded assembly
- Completed reload, in  0.968 seconds
Platform modules already initialized, skipping
Refreshing native plugins compatible for Editor in 0.42 ms, found 1 plugins.
Preloading 0 native plugins for Editor in 0.00 ms.
Unloading 1837 Unused Serialized files (Serialized files now loaded: 0)
System memory in use before: 130.1 MB.
System memory in use after: 130.2 MB.

Unloading 8 unused Assets to reduce memory usage. Loaded Objects now: 2652.
Total: 2.957400 ms (FindLiveObjects: 0.287100 ms CreateObjectMapping: 0.217300 ms MarkObjects: 2.434700 ms  DeleteObjects: 0.017100 ms)

========================================================================
Received Prepare
Registering precompiled user dll's ...
Registered in 0.001646 seconds.
Begin MonoManager ReloadAssembly
Native extension for WindowsStandalone target not found
Refreshing native plugins compatible for Editor in 0.41 ms, found 1 plugins.
Preloading 0 native plugins for Editor in 0.00 ms.
Mono: successfully reloaded assembly
- Completed reload, in  1.169 seconds
Platform modules already initialized, skipping
Refreshing native plugins compatible for Editor in 0.43 ms, found 1 plugins.
Preloading 0 native plugins for Editor in 0.00 ms.
Unloading 1837 Unused Serialized files (Serialized files now loaded: 0)
System memory in use before: 130.1 MB.
System memory in use after: 130.3 MB.

Unloading 8 unused Assets to reduce memory usage. Loaded Objects now: 2655.
Total: 2.247300 ms (FindLiveObjects: 0.268100 ms CreateObjectMapping: 0.087400 ms MarkObjects: 1.876100 ms  DeleteObjects: 0.014500 ms)

========================================================================
Received Prepare
Registering precompiled user dll's ...
Registered in 0.001010 seconds.
Begin MonoManager ReloadAssembly
Native extension for WindowsStandalone target not found
Refreshing native plugins compatible for Editor in 0.41 ms, found 1 plugins.
Preloading 0 native plugins for Editor in 0.00 ms.
Mono: successfully reloaded assembly
- Completed reload, in  0.921 seconds
Platform modules already initialized, skipping
Refreshing native plugins compatible for Editor in 1.08 ms, found 1 plugins.
Preloading 0 native plugins for Editor in 0.00 ms.
Unloading 1837 Unused Serialized files (Serialized files now loaded: 0)
System memory in use before: 130.2 MB.
System memory in use after: 130.3 MB.

Unloading 8 unused Assets to reduce memory usage. Loaded Objects now: 2658.
Total: 2.691300 ms (FindLiveObjects: 0.220100 ms CreateObjectMapping: 0.106100 ms MarkObjects: 2.348700 ms  DeleteObjects: 0.015400 ms)

========================================================================
Received Import Request.
  Time since last request: 1804.831729 seconds.
  path: Assets/Prefabs/DialogueBox.prefab
  artifactKey: Guid(98082aa89cfe6284b918efa47d1c164e) Importer(815301076,1909f56bfc062723c751e8b465ee728b)
Start importing Assets/Prefabs/DialogueBox.prefab using Guid(98082aa89cfe6284b918efa47d1c164e) Importer(815301076,1909f56bfc062723c751e8b465ee728b)  -> (artifact id: 'bd759ed2b06455f4f5cf2dcb68b81178') in 0.049463 seconds 
========================================================================
Received Import Request.
  Time since last request: 0.000255 seconds.
  path: Assets/Prefabs/Pausing.prefab
  artifactKey: Guid(d154044a139ddac4db219c3feba12c74) Importer(815301076,1909f56bfc062723c751e8b465ee728b)
Start importing Assets/Prefabs/Pausing.prefab using Guid(d154044a139ddac4db219c3feba12c74) Importer(815301076,1909f56bfc062723c751e8b465ee728b)  -> (artifact id: '3a76a3ff8f7aa88330b99c13f1f29731') in 0.065046 seconds 
========================================================================
Received Import Request.
  Time since last request: 0.000198 seconds.
  path: Assets/Prefabs/player.prefab
  artifactKey: Guid(96c91319601313747879ae9b3720cca1) Importer(815301076,1909f56bfc062723c751e8b465ee728b)
Start importing Assets/Prefabs/player.prefab using Guid(96c91319601313747879ae9b3720cca1) Importer(815301076,1909f56bfc062723c751e8b465ee728b)  -> (artifact id: '4caa4d7b2e7525270d49226746718af2') in 0.045285 seconds 
========================================================================
Received Import Request.
  Time since last request: 0.000227 seconds.
  path: Assets/Prefabs/Inventory.prefab
  artifactKey: Guid(965bbceee28c76949b7dd14909f2b6ed) Importer(815301076,1909f56bfc062723c751e8b465ee728b)
Start importing Assets/Prefabs/Inventory.prefab using Guid(965bbceee28c76949b7dd14909f2b6ed) Importer(815301076,1909f56bfc062723c751e8b465ee728b)  -> (artifact id: '7963df425e450585e86de265583bffa4') in 0.007440 seconds 
========================================================================
Received Import Request.
  Time since last request: 0.000292 seconds.
  path: Assets/Prefabs/toasty_idle_0.prefab
  artifactKey: Guid(793e55e08fe19fa4b925174f560d316c) Importer(815301076,1909f56bfc062723c751e8b465ee728b)
Start importing Assets/Prefabs/toasty_idle_0.prefab using Guid(793e55e08fe19fa4b925174f560d316c) Importer(815301076,1909f56bfc062723c751e8b465ee728b)  -> (artifact id: 'd7b1d85ef8811c68fd5f2ff5f95f7236') in 0.013082 seconds 
========================================================================
Received Import Request.
  Time since last request: 0.000286 seconds.
  path: Assets/Prefabs/RUBY_front_back_walk_0.prefab
  artifactKey: Guid(676c033bc6df6a1488e9e43f5ebcbb46) Importer(815301076,1909f56bfc062723c751e8b465ee728b)
Start importing Assets/Prefabs/RUBY_front_back_walk_0.prefab using Guid(676c033bc6df6a1488e9e43f5ebcbb46) Importer(815301076,1909f56bfc062723c751e8b465ee728b)  -> (artifact id: '6426ae85c995198d563843e9a4f7ac80') in 0.023856 seconds 
========================================================================
Received Import Request.
  Time since last request: 0.000204 seconds.
  path: Assets/Prefabs/LevelLoader.prefab
  artifactKey: Guid(076e0049f4588e145b1d26ff32660fd7) Importer(815301076,1909f56bfc062723c751e8b465ee728b)
Start importing Assets/Prefabs/LevelLoader.prefab using Guid(076e0049f4588e145b1d26ff32660fd7) Importer(815301076,1909f56bfc062723c751e8b465ee728b)  -> (artifact id: '8715897daef244a9a5e50b7e85cac886') in 0.007270 seconds 
========================================================================
Received Import Request.
  Time since last request: 5.473717 seconds.
  path: Assets/Art/Sprites
  artifactKey: Guid(515f22f0f64bd3c4287fdd7c65564760) Importer(815301076,1909f56bfc062723c751e8b465ee728b)
Start importing Assets/Art/Sprites using Guid(515f22f0f64bd3c4287fdd7c65564760) Importer(815301076,1909f56bfc062723c751e8b465ee728b)  -> (artifact id: '7e22722605b5e2d0e670db96338bf6a9') in 0.005924 seconds 
========================================================================
Received Prepare
Registering precompiled user dll's ...
Registered in 0.000994 seconds.
Begin MonoManager ReloadAssembly
Native extension for WindowsStandalone target not found
Refreshing native plugins compatible for Editor in 0.60 ms, found 1 plugins.
Preloading 0 native plugins for Editor in 0.00 ms.
Mono: successfully reloaded assembly
- Completed reload, in  0.858 seconds
Platform modules already initialized, skipping
Refreshing native plugins compatible for Editor in 0.41 ms, found 1 plugins.
Preloading 0 native plugins for Editor in 0.00 ms.
Unloading 1837 Unused Serialized files (Serialized files now loaded: 0)
System memory in use before: 130.3 MB.
System memory in use after: 130.4 MB.

Unloading 9 unused Assets to reduce memory usage. Loaded Objects now: 2665.
Total: 2.194000 ms (FindLiveObjects: 0.194700 ms CreateObjectMapping: 0.080000 ms MarkObjects: 1.899000 ms  DeleteObjects: 0.019500 ms)

========================================================================
Received Prepare
Registering precompiled user dll's ...
Registered in 0.000979 seconds.
Begin MonoManager ReloadAssembly
Native extension for WindowsStandalone target not found
Refreshing native plugins compatible for Editor in 0.40 ms, found 1 plugins.
Preloading 0 native plugins for Editor in 0.00 ms.
Mono: successfully reloaded assembly
- Completed reload, in  0.833 seconds
Platform modules already initialized, skipping
Refreshing native plugins compatible for Editor in 0.46 ms, found 1 plugins.
Preloading 0 native plugins for Editor in 0.00 ms.
Unloading 1837 Unused Serialized files (Serialized files now loaded: 0)
System memory in use before: 130.3 MB.
System memory in use after: 130.4 MB.

Unloading 8 unused Assets to reduce memory usage. Loaded Objects now: 2668.
Total: 2.376300 ms (FindLiveObjects: 0.328600 ms CreateObjectMapping: 0.126000 ms MarkObjects: 1.905000 ms  DeleteObjects: 0.015800 ms)

========================================================================
Received Prepare
Registering precompiled user dll's ...
Registered in 0.000962 seconds.
Begin MonoManager ReloadAssembly
Native extension for WindowsStandalone target not found
Refreshing native plugins compatible for Editor in 0.38 ms, found 1 plugins.
Preloading 0 native plugins for Editor in 0.00 ms.
Mono: successfully reloaded assembly
- Completed reload, in  0.817 seconds
Platform modules already initialized, skipping
Refreshing native plugins compatible for Editor in 0.41 ms, found 1 plugins.
Preloading 0 native plugins for Editor in 0.00 ms.
Unloading 1837 Unused Serialized files (Serialized files now loaded: 0)
System memory in use before: 130.3 MB.
System memory in use after: 130.4 MB.

Unloading 8 unused Assets to reduce memory usage. Loaded Objects now: 2671.
Total: 2.179200 ms (FindLiveObjects: 0.193000 ms CreateObjectMapping: 0.077700 ms MarkObjects: 1.892700 ms  DeleteObjects: 0.014500 ms)

========================================================================
Received Prepare
Registering precompiled user dll's ...
Registered in 0.000957 seconds.
Begin MonoManager ReloadAssembly
Native extension for WindowsStandalone target not found
Refreshing native plugins compatible for Editor in 0.42 ms, found 1 plugins.
Preloading 0 native plugins for Editor in 0.00 ms.
Mono: successfully reloaded assembly
- Completed reload, in  0.921 seconds
Platform modules already initialized, skipping
Refreshing native plugins compatible for Editor in 0.41 ms, found 1 plugins.
Preloading 0 native plugins for Editor in 0.00 ms.
Unloading 1837 Unused Serialized files (Serialized files now loaded: 0)
System memory in use before: 130.3 MB.
System memory in use after: 130.4 MB.

Unloading 8 unused Assets to reduce memory usage. Loaded Objects now: 2674.
Total: 2.285300 ms (FindLiveObjects: 0.231500 ms CreateObjectMapping: 0.092200 ms MarkObjects: 1.946800 ms  DeleteObjects: 0.013700 ms)

========================================================================
Received Prepare
Registering precompiled user dll's ...
Registered in 0.000968 seconds.
Begin MonoManager ReloadAssembly
Native extension for WindowsStandalone target not found
Refreshing native plugins compatible for Editor in 0.38 ms, found 1 plugins.
Preloading 0 native plugins for Editor in 0.00 ms.
Mono: successfully reloaded assembly
- Completed reload, in  0.822 seconds
Platform modules already initialized, skipping
Refreshing native plugins compatible for Editor in 0.38 ms, found 1 plugins.
Preloading 0 native plugins for Editor in 0.00 ms.
Unloading 1837 Unused Serialized files (Serialized files now loaded: 0)
System memory in use before: 130.3 MB.
System memory in use after: 130.4 MB.

Unloading 8 unused Assets to reduce memory usage. Loaded Objects now: 2677.
Total: 2.260900 ms (FindLiveObjects: 0.194400 ms CreateObjectMapping: 0.081500 ms MarkObjects: 1.965700 ms  DeleteObjects: 0.018200 ms)

========================================================================
Received Prepare
Registering precompiled user dll's ...
Registered in 0.000983 seconds.
Begin MonoManager ReloadAssembly
Native extension for WindowsStandalone target not found
Refreshing native plugins compatible for Editor in 0.39 ms, found 1 plugins.
Preloading 0 native plugins for Editor in 0.00 ms.
Mono: successfully reloaded assembly
- Completed reload, in  0.832 seconds
Platform modules already initialized, skipping
Refreshing native plugins compatible for Editor in 0.39 ms, found 1 plugins.
Preloading 0 native plugins for Editor in 0.00 ms.
Unloading 1837 Unused Serialized files (Serialized files now loaded: 0)
System memory in use before: 130.3 MB.
System memory in use after: 130.4 MB.

Unloading 8 unused Assets to reduce memory usage. Loaded Objects now: 2680.
Total: 2.598800 ms (FindLiveObjects: 0.226400 ms CreateObjectMapping: 0.092100 ms MarkObjects: 2.260500 ms  DeleteObjects: 0.018100 ms)

========================================================================
Received Prepare
Registering precompiled user dll's ...
Registered in 0.001185 seconds.
Begin MonoManager ReloadAssembly
Native extension for WindowsStandalone target not found
Refreshing native plugins compatible for Editor in 0.38 ms, found 1 plugins.
Preloading 0 native plugins for Editor in 0.00 ms.
Mono: successfully reloaded assembly
- Completed reload, in  0.810 seconds
Platform modules already initialized, skipping
Refreshing native plugins compatible for Editor in 0.38 ms, found 1 plugins.
Preloading 0 native plugins for Editor in 0.00 ms.
Unloading 1837 Unused Serialized files (Serialized files now loaded: 0)
System memory in use before: 130.3 MB.
System memory in use after: 130.4 MB.

Unloading 8 unused Assets to reduce memory usage. Loaded Objects now: 2683.
Total: 2.141800 ms (FindLiveObjects: 0.192000 ms CreateObjectMapping: 0.072800 ms MarkObjects: 1.863600 ms  DeleteObjects: 0.012500 ms)

========================================================================
Received Prepare
Registering precompiled user dll's ...
Registered in 0.001021 seconds.
Begin MonoManager ReloadAssembly
Native extension for WindowsStandalone target not found
Refreshing native plugins compatible for Editor in 0.39 ms, found 1 plugins.
Preloading 0 native plugins for Editor in 0.00 ms.
Mono: successfully reloaded assembly
- Completed reload, in  0.937 seconds
Platform modules already initialized, skipping
Refreshing native plugins compatible for Editor in 0.40 ms, found 1 plugins.
Preloading 0 native plugins for Editor in 0.00 ms.
Unloading 1837 Unused Serialized files (Serialized files now loaded: 0)
System memory in use before: 130.3 MB.
System memory in use after: 130.5 MB.

Unloading 8 unused Assets to reduce memory usage. Loaded Objects now: 2686.
Total: 2.744100 ms (FindLiveObjects: 0.257300 ms CreateObjectMapping: 0.081500 ms MarkObjects: 2.381500 ms  DeleteObjects: 0.022000 ms)

AssetImportWorkerClient::OnTransportError - code=2 error=End of file
